# JRE version: OpenJDK Runtime Environment (23.0.2+7) (build 23.0.2+7-58)
# Java VM: OpenJDK 64-Bit Server VM (23.0.2+7-58, mixed mode, emulated-client, sharing, tiered, compressed oops, compressed class ptrs, g1 gc, bsd-amd64)
Heap:
 garbage-first heap   total reserved 4194304K, committed 86016K, used 59618K [0x0000000700000000, 0x0000000800000000)
  region size 2048K, 8 young (16384K), 1 survivors (2048K)
 Metaspace       used 79582K, committed 80768K, reserved 1179648K
  class space    used 11042K, committed 11520K, reserved 1048576K
GC Heap History (20 events):
Event: 5.373 GC heap before
{Heap before GC invocations=13 (full 0):
 garbage-first heap   total reserved 4194304K, committed 69632K, used 53794K [0x0000000700000000, 0x0000000800000000)
  region size 2048K, 14 young (28672K), 2 survivors (4096K)
 Metaspace       used 55368K, committed 56064K, reserved 1114112K
  class space    used 7601K, committed 7936K, reserved 1048576K
}
Event: 5.376 GC heap after
{Heap after GC invocations=14 (full 0):
 garbage-first heap   total reserved 4194304K, committed 83968K, used 32173K [0x0000000700000000, 0x0000000800000000)
  region size 2048K, 2 young (4096K), 2 survivors (4096K)
 Metaspace       used 55368K, committed 56064K, reserved 1114112K
  class space    used 7601K, committed 7936K, reserved 1048576K
}
Event: 5.575 GC heap before
{Heap before GC invocations=14 (full 0):
 garbage-first heap   total reserved 4194304K, committed 83968K, used 48557K [0x0000000700000000, 0x0000000800000000)
  region size 2048K, 12 young (24576K), 2 survivors (4096K)
 Metaspace       used 59798K, committed 60416K, reserved 1114112K
  class space    used 8090K, committed 8384K, reserved 1048576K
}
Event: 5.579 GC heap after
{Heap after GC invocations=15 (full 0):
 garbage-first heap   total reserved 4194304K, committed 83968K, used 32734K [0x0000000700000000, 0x0000000800000000)
  region size 2048K, 1 young (2048K), 1 survivors (2048K)
 Metaspace       used 59798K, committed 60416K, reserved 1114112K
  class space    used 8090K, committed 8384K, reserved 1048576K
}
Event: 6.734 GC heap before
{Heap before GC invocations=16 (full 0):
 garbage-first heap   total reserved 4194304K, committed 83968K, used 71646K [0x0000000700000000, 0x0000000800000000)
  region size 2048K, 21 young (43008K), 1 survivors (2048K)
 Metaspace       used 64736K, committed 65408K, reserved 1114112K
  class space    used 8775K, committed 9088K, reserved 1048576K
}
Event: 6.738 GC heap after
{Heap after GC invocations=17 (full 0):
 garbage-first heap   total reserved 4194304K, committed 83968K, used 35404K [0x0000000700000000, 0x0000000800000000)
  region size 2048K, 3 young (6144K), 3 survivors (6144K)
 Metaspace       used 64736K, committed 65408K, reserved 1114112K
  class space    used 8775K, committed 9088K, reserved 1048576K
}
Event: 7.886 GC heap before
{Heap before GC invocations=17 (full 0):
 garbage-first heap   total reserved 4194304K, committed 83968K, used 45644K [0x0000000700000000, 0x0000000800000000)
  region size 2048K, 9 young (18432K), 3 survivors (6144K)
 Metaspace       used 66170K, committed 66816K, reserved 1114112K
  class space    used 8986K, committed 9280K, reserved 1048576K
}
Event: 7.918 GC heap after
{Heap after GC invocations=18 (full 1):
 garbage-first heap   total reserved 4194304K, committed 83968K, used 30120K [0x0000000700000000, 0x0000000800000000)
  region size 2048K, 0 young (0K), 0 survivors (0K)
 Metaspace       used 66170K, committed 66816K, reserved 1114112K
  class space    used 8986K, committed 9280K, reserved 1048576K
}
Event: 8.304 GC heap before
{Heap before GC invocations=18 (full 1):
 garbage-first heap   total reserved 4194304K, committed 83968K, used 69032K [0x0000000700000000, 0x0000000800000000)
  region size 2048K, 20 young (40960K), 0 survivors (0K)
 Metaspace       used 66463K, committed 67136K, reserved 1114112K
  class space    used 9038K, committed 9344K, reserved 1048576K
}
Event: 8.306 GC heap after
{Heap after GC invocations=19 (full 1):
 garbage-first heap   total reserved 4194304K, committed 83968K, used 33815K [0x0000000700000000, 0x0000000800000000)
  region size 2048K, 2 young (4096K), 2 survivors (4096K)
 Metaspace       used 66463K, committed 67136K, reserved 1114112K
  class space    used 9038K, committed 9344K, reserved 1048576K
}
Event: 13.657 GC heap before
{Heap before GC invocations=19 (full 1):
 garbage-first heap   total reserved 4194304K, committed 83968K, used 66583K [0x0000000700000000, 0x0000000800000000)
  region size 2048K, 19 young (38912K), 2 survivors (4096K)
 Metaspace       used 67720K, committed 68416K, reserved 1114112K
  class space    used 9201K, committed 9472K, reserved 1048576K
}
Event: 13.660 GC heap after
{Heap after GC invocations=20 (full 1):
 garbage-first heap   total reserved 4194304K, committed 83968K, used 35254K [0x0000000700000000, 0x0000000800000000)
  region size 2048K, 2 young (4096K), 2 survivors (4096K)
 Metaspace       used 67720K, committed 68416K, reserved 1114112K
  class space    used 9201K, committed 9472K, reserved 1048576K
}
Event: 14.603 GC heap before
{Heap before GC invocations=20 (full 1):
 garbage-first heap   total reserved 4194304K, committed 83968K, used 63926K [0x0000000700000000, 0x0000000800000000)
  region size 2048K, 17 young (34816K), 2 survivors (4096K)
 Metaspace       used 74660K, committed 75456K, reserved 1114112K
  class space    used 10265K, committed 10624K, reserved 1048576K
}
Event: 14.606 GC heap after
{Heap after GC invocations=21 (full 1):
 garbage-first heap   total reserved 4194304K, committed 83968K, used 37476K [0x0000000700000000, 0x0000000800000000)
  region size 2048K, 3 young (6144K), 3 survivors (6144K)
 Metaspace       used 74660K, committed 75456K, reserved 1114112K
  class space    used 10265K, committed 10624K, reserved 1048576K
}
Event: 20.711 GC heap before
{Heap before GC invocations=22 (full 1):
 garbage-first heap   total reserved 4194304K, committed 83968K, used 68196K [0x0000000700000000, 0x0000000800000000)
  region size 2048K, 16 young (32768K), 3 survivors (6144K)
 Metaspace       used 78254K, committed 79104K, reserved 1179648K
  class space    used 10855K, committed 11200K, reserved 1048576K
}
Event: 20.716 GC heap after
{Heap after GC invocations=23 (full 1):
 garbage-first heap   total reserved 4194304K, committed 86016K, used 45474K [0x0000000700000000, 0x0000000800000000)
  region size 2048K, 2 young (4096K), 2 survivors (4096K)
 Metaspace       used 78254K, committed 79104K, reserved 1179648K
  class space    used 10855K, committed 11200K, reserved 1048576K
}
Event: 43.361 GC heap before
{Heap before GC invocations=23 (full 1):
 garbage-first heap   total reserved 4194304K, committed 86016K, used 68002K [0x0000000700000000, 0x0000000800000000)
  region size 2048K, 13 young (26624K), 2 survivors (4096K)
 Metaspace       used 79633K, committed 80512K, reserved 1179648K
  class space    used 11088K, committed 11456K, reserved 1048576K
}
Event: 43.365 GC heap after
{Heap after GC invocations=24 (full 1):
 garbage-first heap   total reserved 4194304K, committed 86016K, used 46407K [0x0000000700000000, 0x0000000800000000)
  region size 2048K, 2 young (4096K), 2 survivors (4096K)
 Metaspace       used 79633K, committed 80512K, reserved 1179648K
  class space    used 11088K, committed 11456K, reserved 1048576K
}
Event: 94.511 GC heap before
{Heap before GC invocations=24 (full 1):
 garbage-first heap   total reserved 4194304K, committed 86016K, used 70983K [0x0000000700000000, 0x0000000800000000)
  region size 2048K, 14 young (28672K), 2 survivors (4096K)
 Metaspace       used 79971K, committed 80768K, reserved 1179648K
  class space    used 11149K, committed 11520K, reserved 1048576K
}
Event: 94.515 GC heap after
{Heap after GC invocations=25 (full 1):
 garbage-first heap   total reserved 4194304K, committed 86016K, used 46190K [0x0000000700000000, 0x0000000800000000)
  region size 2048K, 1 young (2048K), 1 survivors (2048K)
 Metaspace       used 79971K, committed 80768K, reserved 1179648K
  class space    used 11149K, committed 11520K, reserved 1048576K
}

